<?xml version="1.0" encoding="UTF-8"?>
<!-- Generated by org.testng.reporters.JUnitReportReporter -->
<testsuite skipped="0" hostname="macpk-wks-0076" name="Master.OrdersExecution" tests="136" failures="0" timestamp="19 Apr 2019 16:18:38 GMT" time="2379.016" errors="0">
  <testcase name="LoginApp" time="54.361" classname="Master.OrdersExecution"/>
  <testcase name="OrdersListing_SearchOrderField_PlaceholderVerification" time="3.371" classname="Master.OrdersExecution"/>
  <testcase name="Settings_AutomaticSalesTaxChecked" time="9.221" classname="Master.OrdersExecution"/>
  <testcase name="Percentage_square_in_Orders_SummaryWidget_ToolTip_TextVerification" time="13.585" classname="Master.OrdersExecution"/>
  <testcase name="Percentage_circle_inOrdersSummary_Widget_ToolTip_TextVerification" time="6.581" classname="Master.OrdersExecution"/>
  <testcase name="PayWith_ElectronicFundsOption_DropdownValueVerification" time="5.651" classname="Master.OrdersExecution"/>
  <testcase name="ShipVia_LoomisGroundOption_DropdownValueVerifcation" time="0.203" classname="Master.OrdersExecution"/>
  <testcase name="OrderSaving_WithoutSalesPerson_ValidationVerification" time="4.612" classname="Master.OrdersExecution"/>
  <testcase name="UploadDSTFileOrders_Orderlevel" time="30.911" classname="Master.OrdersExecution"/>
  <testcase name="InvalidFileUpload_ErrorMessageDisplayVerification" time="14.015" classname="Master.OrdersExecution"/>
  <testcase name="Upload_AIExtensionFile" time="22.800" classname="Master.OrdersExecution"/>
  <testcase name="CustomProducts_SupplierSelectionDropdown_Verification" time="3.960" classname="Master.OrdersExecution"/>
  <testcase name="cogWheelIcon_CustomProductsVerification" time="3.190" classname="Master.OrdersExecution"/>
  <testcase name="DeleteOrder_Orderlevel" time="6.826" classname="Master.OrdersExecution"/>
  <testcase name="CustomerFacingDoc_CPN_Visible_EnableFromSettings" time="31.258" classname="Master.OrdersExecution"/>
  <testcase name="CreateQuote_BillingAddress_Verification" time="38.057" classname="Master.OrdersExecution"/>
  <testcase name="CreateQuote_ShippingAddress_Verification" time="0.150" classname="Master.OrdersExecution"/>
  <testcase name="CreateQuote_AddingProductToQuote" time="11.620" classname="Master.OrdersExecution"/>
  <testcase name="CreateQuote_Verification" time="43.792" classname="Master.OrdersExecution"/>
  <testcase name="ShipAccountNo_Checkbox_Uncheck_ByDefaultVerification" time="0.099" classname="Master.OrdersExecution"/>
  <testcase name="ShipAccountNotVisible_Visible_Checkbox_UncheckForAccountNo" time="27.654" classname="Master.OrdersExecution"/>
  <testcase name="CPN_Number_QuoteDocPreview_Verification" time="2.175" classname="Master.OrdersExecution"/>
  <testcase name="VendorNotes_DecoratorNotes_Visible_checkbox_SelectedAtProductLevel_QuotePreviewVerification" time="43.256" classname="Master.OrdersExecution"/>
  <testcase name="ShipAccountNo_Visibility_QuoteDocumentVerification" time="25.169" classname="Master.OrdersExecution"/>
  <testcase name="AccountNo_Visible_Checkbox_Selected_Verification_AtProductLevel" time="9.156" classname="Master.OrdersExecution"/>
  <testcase name="Quote_Download" time="31.981" classname="Master.OrdersExecution"/>
  <testcase name="CreateOrder_FromQuote_LinkedTransactionInvoice" time="51.782" classname="Master.OrdersExecution"/>
  <testcase name="ShipAccountNo_Visibility_InvoiceDocumentVerification" time="8.319" classname="Master.OrdersExecution"/>
  <testcase name="CPN_NumberVisibilityAtInvoiceDoc_Verification" time="0.088" classname="Master.OrdersExecution"/>
  <testcase name="VendorNotes_DecoratorNotes_Visible_checkbox_SelectedAtProductLevel_InvoicePreviewVerification" time="3.171" classname="Master.OrdersExecution"/>
  <testcase name="LinkedTransaction_Navigation_To_OrderScreen" time="7.284" classname="Master.OrdersExecution"/>
  <testcase name="CreateOrder_Delete_Orderwith_Associated_Invoices" time="5.117" classname="Master.OrdersExecution"/>
  <testcase name="ShipAccountNo_AcknowledgementDocumentVerification" time="30.050" classname="Master.OrdersExecution"/>
  <testcase name="VendorNotes_DecoratorNotes_Visible_checkbox_SelectedAtProductLevel_AcknowledgementPreviewVerification" time="4.389" classname="Master.OrdersExecution"/>
  <testcase name="CreateOrder_LinkedTransactions_Navigation_ToQuoteScreen" time="8.889" classname="Master.OrdersExecution"/>
  <testcase name="Enterpaymentpartial" time="27.087" classname="Master.OrdersExecution"/>
  <testcase name="DeleteInvoice_WithPaymentLeft" time="5.591" classname="Master.OrdersExecution"/>
  <testcase name="Full_Payment_Verify" time="5.608" classname="Master.OrdersExecution"/>
  <testcase name="Shipping_AddressEditing" time="26.765" classname="Master.OrdersExecution"/>
  <testcase name="Partial_PaymentLink_Verification" time="39.168" classname="Master.OrdersExecution"/>
  <testcase name="Reorder_Verification" time="40.495" classname="Master.OrdersExecution"/>
  <testcase name="FieldsData_Verifications_AfterReorder" time="0.194" classname="Master.OrdersExecution"/>
  <testcase name="New_InhandDate_AfterReorderVerification" time="44.565" classname="Master.OrdersExecution"/>
  <testcase name="Linked_Transaction_ReOrder_Verifications" time="1.328" classname="Master.OrdersExecution"/>
  <testcase name="InvoiceCreationBillingAddress" time="17.268" classname="Master.OrdersExecution"/>
  <testcase name="CreateInvoiceShippingAddress_Verification" time="0.127" classname="Master.OrdersExecution"/>
  <testcase name="Product_AddedTo_Invoice" time="15.912" classname="Master.OrdersExecution"/>
  <testcase name="CreateInvoice" time="27.368" classname="Master.OrdersExecution"/>
  <testcase name="CreateOrder_BillingAddressVerification" time="30.850" classname="Master.OrdersExecution"/>
  <testcase name="CreateOrder_ShippingAddressVerification" time="0.145" classname="Master.OrdersExecution"/>
  <testcase name="CreateOrder_AcknowlodgementAddressVerification" time="0.144" classname="Master.OrdersExecution"/>
  <testcase name="Net25_Net45_Net90_50PercentAdvance_50PercentUponCompletion_Net75_Terms_DropdownValuesVerification" time="0.800" classname="Master.OrdersExecution"/>
  <testcase name="FedExOvernight_FedExFLEXExpress_ShipVia_DropdownValuesVerification" time="2.209" classname="Master.OrdersExecution"/>
  <testcase name="UploadDSTFiles_Orderlevel" time="29.501" classname="Master.OrdersExecution"/>
  <testcase name="Product_AddedTo_Order" time="11.638" classname="Master.OrdersExecution"/>
  <testcase name="Send_ASI_SmartBookslink_Verification" time="0.107" classname="Master.OrdersExecution"/>
  <testcase name="CreateOrder" time="32.240" classname="Master.OrdersExecution"/>
  <testcase name="PNameandSupplierASInoAreClickable" time="26.065" classname="Master.OrdersExecution"/>
  <testcase name="BackButton" time="17.493" classname="Master.OrdersExecution"/>
  <testcase name="OrderProductConfig_NewAddCharge_in_Configuration_WithAmount_Verification" time="14.128" classname="Master.OrdersExecution"/>
  <testcase name="AddVendor_Charge_WithAmount_calculation" time="7.509" classname="Master.OrdersExecution"/>
  <testcase name="Existing_Artwork_File_UploadVerification" time="31.688" classname="Master.OrdersExecution"/>
  <testcase name="Artwork_DownloadUnderDecorationTab" time="8.591" classname="Master.OrdersExecution"/>
  <testcase name="Artwork_FileDeletion" time="27.108" classname="Master.OrdersExecution"/>
  <testcase name="Decoration_Charge_With_Amountcalculation" time="70.283" classname="Master.OrdersExecution"/>
  <testcase name="Verificationof_Decoration_Display_Under_DecorationTab" time="1.267" classname="Master.OrdersExecution"/>
  <testcase name="AddingInstructions" time="15.459" classname="Master.OrdersExecution"/>
  <testcase name="InstructionsViewing" time="12.368" classname="Master.OrdersExecution"/>
  <testcase name="Settings_SalesTaxConfig" time="41.460" classname="Master.OrdersExecution"/>
  <testcase name="ManualSalesTaxCalculation" time="29.266" classname="Master.OrdersExecution"/>
  <testcase name="Freight_ServicePopup_Display" time="11.702" classname="Master.OrdersExecution"/>
  <testcase name="Freight_Title_Field_TextValidation" time="0.057" classname="Master.OrdersExecution"/>
  <testcase name="Freight_TitleUpdate" time="25.957" classname="Master.OrdersExecution"/>
  <testcase name="Services_VendorCompanyVerification" time="20.197" classname="Master.OrdersExecution"/>
  <testcase name="Freight_Service_Add_TaxCalculation_Verification" time="0.477" classname="Master.OrdersExecution"/>
  <testcase name="Settings_ShippingTaxConfig" time="16.606" classname="Master.OrdersExecution"/>
  <testcase name="Settings_ShippingTaxCalculationVerify" time="54.432" classname="Master.OrdersExecution"/>
  <testcase name="TaxCalculationWithServiceTypeCredit" time="54.553" classname="Master.OrdersExecution"/>
  <testcase name="MultiShippingAddress" time="20.672" classname="Master.OrdersExecution"/>
  <testcase name="Zero_Quantity_Validation_MessageVerification" time="41.879" classname="Master.OrdersExecution"/>
  <testcase name="SplitShipment_not_showingin_shippingtab" time="7.764" classname="Master.OrdersExecution"/>
  <testcase name="SplitShipment_Showing_inPricing_tab" time="2.717" classname="Master.OrdersExecution"/>
  <testcase name="SplitShipment_Showing_inDecoration_tab" time="0.503" classname="Master.OrdersExecution"/>
  <testcase name="SplitShipment_Showingin_PurchaseOrder_tab" time="0.723" classname="Master.OrdersExecution"/>
  <testcase name="TwoPOsCreation" time="94.799" classname="Master.OrdersExecution"/>
  <testcase name="New_DestinationAddress_WithDifferentCompany" time="0.052" classname="Master.OrdersExecution"/>
  <testcase name="BlindShip_WithConfirmation" time="20.504" classname="Master.OrdersExecution"/>
  <testcase name="Purchase_OrderPreview_Verification" time="31.306" classname="Master.OrdersExecution"/>
  <testcase name="PurchaseOrder_SalesPersonDetailsPreviewVerification" time="0.117" classname="Master.OrdersExecution"/>
  <testcase name="PurchaseOrderPreview_SplitShipment1_DetailsVerification" time="0.074" classname="Master.OrdersExecution"/>
  <testcase name="PurchaseOrderPreview_SplitShipment1_DecorationDetailsVerification" time="0.110" classname="Master.OrdersExecution"/>
  <testcase name="PurchaseOrder_PersonalizationDecorationDocDownload" time="20.030" classname="Master.OrdersExecution"/>
  <testcase name="PurchaseOrder_AtworkDecorationDocDownload" time="19.388" classname="Master.OrdersExecution"/>
  <testcase name="PurchaseOrder_PreviewShippingDetailsVerification" time="0.127" classname="Master.OrdersExecution"/>
  <testcase name="PurchaseOrder_BlindShipVerification" time="0.090" classname="Master.OrdersExecution"/>
  <testcase name="PurchaseOrder_AtworkPODocDownload" time="38.424" classname="Master.OrdersExecution"/>
  <testcase name="PurchaseOrder_POPDFDocDownload" time="10.431" classname="Master.OrdersExecution"/>
  <testcase name="Calculating_TotalPriceOnPreview" time="0.121" classname="Master.OrdersExecution"/>
  <testcase name="PackingList_DisplayVerification" time="7.399" classname="Master.OrdersExecution"/>
  <testcase name="PurchaseOrder_PreviewPOSend" time="32.554" classname="Master.OrdersExecution"/>
  <testcase name="SalesOrderPreviewSalesPersonDetails" time="20.756" classname="Master.OrdersExecution"/>
  <testcase name="SalesOrder_BillingShippingDetailsPreview" time="0.129" classname="Master.OrdersExecution"/>
  <testcase name="SalesOrder_BlindshipVerification" time="0.074" classname="Master.OrdersExecution"/>
  <testcase name="SalesOrderPreview_SplitShipment1_DetailsVerification" time="0.073" classname="Master.OrdersExecution"/>
  <testcase name="SalesOrderPreview_SplitShipment1_DecorationDetailsVerification" time="0.111" classname="Master.OrdersExecution"/>
  <testcase name="SalesOrder_PreviewShippingFromDetailsVerification" time="0.142" classname="Master.OrdersExecution"/>
  <testcase name="SalesOrder_ShippingFrom_BlindShipVerification" time="0.059" classname="Master.OrdersExecution"/>
  <testcase name="SalesOrderPreview_ShippingToDetailsVerification" time="0.126" classname="Master.OrdersExecution"/>
  <testcase name="SalesOrderPreviewInstructions" time="0.105" classname="Master.OrdersExecution"/>
  <testcase name="SalesOrderPreview_ServicesDetailsVerification" time="0.104" classname="Master.OrdersExecution"/>
  <testcase name="Calculating_TotalPrice_OnSalesPreview" time="0.263" classname="Master.OrdersExecution"/>
  <testcase name="SalesOrder_PDFDocDownload" time="35.477" classname="Master.OrdersExecution"/>
  <testcase name="PDFAttach_Checkbox_ischecked_bydefault" time="21.987" classname="Master.OrdersExecution"/>
  <testcase name="SalesOrder_Preview_SalesOrderSend" time="30.249" classname="Master.OrdersExecution"/>
  <testcase name="AcknowledgementOrder_PreviewSalesPersonDetails" time="32.692" classname="Master.OrdersExecution"/>
  <testcase name="AckowlodgementPreview_SplitShipment1Details_Verification" time="0.077" classname="Master.OrdersExecution"/>
  <testcase name="AcknowlodgementPreview_SplitShipment1DecorationDetails_Verification" time="0.109" classname="Master.OrdersExecution"/>
  <testcase name="Ackowledgement_PreviewShippingFromDetailsVerification" time="0.122" classname="Master.OrdersExecution"/>
  <testcase name="AckowledgementPreviewInstructions" time="0.074" classname="Master.OrdersExecution"/>
  <testcase name="AcknowledgementPreview_ServicesDetailsVerification" time="0.103" classname="Master.OrdersExecution"/>
  <testcase name="Ackowledgement_PersonalizationDecorationDocDownload" time="20.038" classname="Master.OrdersExecution"/>
  <testcase name="Ackowledgement_PDFDocDownload" time="27.566" classname="Master.OrdersExecution"/>
  <testcase name="Calculating_TotalPrice_OnAckowledgementPreview" time="20.212" classname="Master.OrdersExecution"/>
  <testcase name="Acknowledgement_PreviewAckSend" time="58.494" classname="Master.OrdersExecution"/>
  <testcase name="PurchaseOrder_OrderLevel_POPDFDocDownload" time="39.878" classname="Master.OrdersExecution"/>
  <testcase name="SalesOrder_PreviewDownloadPopup_PDFDocDownload" time="32.838" classname="Master.OrdersExecution"/>
  <testcase name="AckowledgementDownloadPopup_PDFDocDownload" time="38.464" classname="Master.OrdersExecution"/>
  <testcase name="Tax_not_calculating_if_Canadian_address_is_notmatching" time="82.075" classname="Master.OrdersExecution"/>
  <testcase name="Tax_is_not_calculating_if_Canadian_addressisnotmatching" time="65.616" classname="Master.OrdersExecution"/>
  <testcase name="SameAsBilling_ShippingAddress_Verification_OrderLevel" time="0.613" classname="Master.OrdersExecution"/>
  <testcase name="CPN_Number_EditProductConfigVerification" time="3.262" classname="Master.OrdersExecution"/>
  <testcase name="SameAsBilling_ShippingAddress_Verification_ProductLevel" time="5.926" classname="Master.OrdersExecution"/>
  <testcase name="SameAsBilling_AcknowledgementAddress_Verification_OrderLevel" time="1.420" classname="Master.OrdersExecution"/>
  <testcase name="ProfitMaker_SendVerification" time="5.547" classname="Master.OrdersExecution"/>
  <testcase name="Requote_From_OrdersDetails" time="28.025" classname="Master.OrdersExecution"/>
  <testcase name="Requote_From_QuoteDetails" time="47.907" classname="Master.OrdersExecution"/>
</testsuite> <!-- Master.OrdersExecution -->
