<?xml version="1.0" encoding="UTF-8"?>
<!-- Generated by org.testng.reporters.JUnitReportReporter -->
<testsuite skipped="0" hostname="macpk-wks-0076" name="Master.WESPORDER" tests="21" failures="0" timestamp="19 Apr 2019 09:21:16 GMT" time="1235.582" errors="0">
  <testcase name="LoginApp" time="35.293" classname="Master.WESPORDER"/>
  <testcase name="OrderFromWESP_Search" time="85.861" classname="Master.WESPORDER"/>
  <testcase name="VerificationOfBookedMargin" time="4.299" classname="Master.WESPORDER"/>
  <testcase name="VerificationOfBookedMarginAfterEditing" time="45.349" classname="Master.WESPORDER"/>
  <testcase name="VerificationOfBookedMarginWithMultipleProducts" time="66.980" classname="Master.WESPORDER"/>
  <testcase name="OrderWithQUR" time="91.819" classname="Master.WESPORDER"/>
  <testcase name="OrderFromWESP_HoveringProduct" time="75.115" classname="Master.WESPORDER"/>
  <testcase name="OrderFromWESP_QuickInfoProduct" time="51.460" classname="Master.WESPORDER"/>
  <testcase name="OrderFromWESP_Compare" time="56.873" classname="Master.WESPORDER"/>
  <testcase name="OrderFromWESP_Project" time="109.284" classname="Master.WESPORDER"/>
  <testcase name="OrderFromIDAHO_Projects" time="45.215" classname="Master.WESPORDER"/>
  <testcase name="OrderFromWESP_With_CandianProduct" time="103.947" classname="Master.WESPORDER"/>
  <testcase name="OrderFromWESP_From_CreatePresentation_OrderCreation" time="52.264" classname="Master.WESPORDER"/>
  <testcase name="OrderCreation_ThroughShoppingCart_Idaho" time="53.854" classname="Master.WESPORDER"/>
  <testcase name="OrderCreation_ThroughShoppingCart_WESP" time="50.945" classname="Master.WESPORDER"/>
  <testcase name="OrderCreation_FromClipBoard_WESP" time="50.878" classname="Master.WESPORDER"/>
  <testcase name="OrderCreation_FromWespMultipleProd" time="48.045" classname="Master.WESPORDER"/>
  <testcase name="OrderCreation_FromIdahoMultipleProdCan" time="50.820" classname="Master.WESPORDER"/>
  <testcase name="SerchByInvoice" time="40.165" classname="Master.WESPORDER"/>
  <testcase name="QuoteCreation_FromClipBoard_WESP" time="65.911" classname="Master.WESPORDER"/>
  <testcase name="WESPOrder_SafeModeActive" time="51.205" classname="Master.WESPORDER"/>
</testsuite> <!-- Master.WESPORDER -->
