<?xml version="1.0" encoding="UTF-8"?>
<!-- Generated by org.testng.reporters.JUnitReportReporter -->
<testsuite hostname="MACPK-WKS-0132" failures="0" tests="3" name="OrdersTestcases.CreateOrderServices" time="105.270" errors="0" timestamp="03 Sep 2018 11:35:35 GMT" skipped="0">
  <testcase classname="OrdersTestcases.CreateOrderServices" name="LoginApp" time="50.144"/>
  <testcase classname="OrdersTestcases.CreateOrderServices" name="Service" time="43.168"/>
  <testcase classname="OrdersTestcases.CreateOrderServices" name="Settings_ShippingTaxConfig" time="11.958"/>
</testsuite> <!-- OrdersTestcases.CreateOrderServices -->
