<?xml version="1.0" encoding="UTF-8"?>
<!-- Generated by org.testng.reporters.JUnitReportReporter -->
<testsuite hostname="MACPK-WKS-0132" failures="0" tests="2" name="OrdersTestcases.PurchaseOrderPreview_WithDownloadVerification" time="181.183" errors="0" timestamp="31 Aug 2018 12:39:05 GMT" skipped="0">
  <testcase classname="OrdersTestcases.PurchaseOrderPreview_WithDownloadVerification" name="LoginApp" time="51.624"/>
  <testcase classname="OrdersTestcases.PurchaseOrderPreview_WithDownloadVerification" name="PurchaseOrder_PreviewWithDownload" time="129.559"/>
</testsuite> <!-- OrdersTestcases.PurchaseOrderPreview_WithDownloadVerification -->
